This is pdfTeX, Version 3.1415926-2.3-1.40.12 (MiKTeX 2.9) (preloaded format=pdftex 2013.7.29)  29 JUL 2013 12:56
entering extended mode
**C:/Users/Andee/Documents/GitHub/Election-2012/Writeup/References.bib
(C:/Users/Andee/Documents/GitHub/Election-2012/Writeup/References.bib
! Missing $ inserted.
<inserted text> 
                $
<to be read again> 
                   _
l.19 ...tonpost.com/2012/07/30/restore-our-future_
                                                  n_1719310.html},
? 
! Emergency stop.
<inserted text> 
                $
<to be read again> 
                   _
l.19 ...tonpost.com/2012/07/30/restore-our-future_
                                                  n_1719310.html},
End of file on the terminal!

!  ==> Fatal error occurred, no output PDF file produced!
