This is pdfTeX, Version 3.1415926-1.40.10 (MiKTeX 2.8) (preloaded format=pdflatex 2011.1.20)  12 NOV 2012 10:47
entering extended mode
**Hare-Kaplan-Election-Report.tex

("\\iastate.edu\cyfiles\ajkaplan\Documents\Projects\2012 Presidential Election\
Election-2012\FinalProject\Writeup\Hare-Kaplan-Election-Report.tex"
LaTeX2e <2009/09/24>
Babel <v3.8l> and hyphenation patterns for english, dumylang, nohyphenation, ge
rman, ngerman, german-x-2009-06-19, ngerman-x-2009-06-19, french, loaded.
("C:\Program Files (x86)\MiKTeX 2.8\tex\latex\base\article.cls"
Document Class: article 2007/10/19 v1.4h Standard LaTeX document class
("C:\Program Files (x86)\MiKTeX 2.8\tex\latex\base\size11.clo"
File: size11.clo 2007/10/19 v1.4h Standard LaTeX file (size option)
)
\c@part=\count79
\c@section=\count80
\c@subsection=\count81
\c@subsubsection=\count82
\c@paragraph=\count83
\c@subparagraph=\count84
\c@figure=\count85
\c@table=\count86
\abovecaptionskip=\skip41
\belowcaptionskip=\skip42
\bibindent=\dimen102
)
("C:\Program Files (x86)\MiKTeX 2.8\tex\latex\graphics\graphicx.sty"
Package: graphicx 1999/02/16 v1.0f Enhanced LaTeX Graphics (DPC,SPQR)

("C:\Program Files (x86)\MiKTeX 2.8\tex\latex\graphics\keyval.sty"
Package: keyval 1999/03/16 v1.13 key=value parser (DPC)
\KV@toks@=\toks14
)
("C:\Program Files (x86)\MiKTeX 2.8\tex\latex\graphics\graphics.sty"
Package: graphics 2009/02/05 v1.0o Standard LaTeX Graphics (DPC,SPQR)

("C:\Program Files (x86)\MiKTeX 2.8\tex\latex\graphics\trig.sty"
Package: trig 1999/03/16 v1.09 sin cos tan (DPC)
)
("C:\Program Files (x86)\MiKTeX 2.8\tex\latex\00miktex\graphics.cfg"
File: graphics.cfg 2007/01/18 v1.5 graphics configuration of teTeX/TeXLive
)
Package graphics Info: Driver file: pdftex.def on input line 91.

("C:\Program Files (x86)\MiKTeX 2.8\tex\latex\pdftex-def\pdftex.def"
File: pdftex.def 2010/09/14 v0.05b Graphics/color for pdfTeX
\Gread@gobject=\count87
))
\Gin@req@height=\dimen103
\Gin@req@width=\dimen104
)
("C:\Program Files (x86)\MiKTeX 2.8\tex\latex\graphics\color.sty"
Package: color 2005/11/14 v1.0j Standard LaTeX Color (DPC)

("C:\Program Files (x86)\MiKTeX 2.8\tex\latex\00miktex\color.cfg"
File: color.cfg 2007/01/18 v1.5 color configuration of teTeX/TeXLive
)
Package color Info: Driver file: pdftex.def on input line 130.
)
("C:\Program Files (x86)\MiKTeX 2.8\tex\latex\upquote\upquote.sty"
Package: upquote 2003/08/11 v1.1 Covington's upright-quote modification to verb
atim and verb

("C:\Program Files (x86)\MiKTeX 2.8\tex\latex\base\textcomp.sty"
Package: textcomp 2005/09/27 v1.99g Standard LaTeX package
Package textcomp Info: Sub-encoding information:
(textcomp)               5 = only ISO-Adobe without \textcurrency
(textcomp)               4 = 5 + \texteuro
(textcomp)               3 = 4 + \textohm
(textcomp)               2 = 3 + \textestimated + \textcurrency
(textcomp)               1 = TS1 - \textcircled - \t
(textcomp)               0 = TS1 (full)
(textcomp)             Font families with sub-encoding setting implement
(textcomp)             only a restricted character set as indicated.
(textcomp)             Family '?' is the default used for unknown fonts.
(textcomp)             See the documentation for details.
Package textcomp Info: Setting ? sub-encoding to TS1/1 on input line 71.

("C:\Program Files (x86)\MiKTeX 2.8\tex\latex\base\ts1enc.def"
File: ts1enc.def 2001/06/05 v3.0e (jk/car/fm) Standard LaTeX file
)
LaTeX Info: Redefining \oldstylenums on input line 266.
Package textcomp Info: Setting cmr sub-encoding to TS1/0 on input line 281.
Package textcomp Info: Setting cmss sub-encoding to TS1/0 on input line 282.
Package textcomp Info: Setting cmtt sub-encoding to TS1/0 on input line 283.
Package textcomp Info: Setting cmvtt sub-encoding to TS1/0 on input line 284.
Package textcomp Info: Setting cmbr sub-encoding to TS1/0 on input line 285.
Package textcomp Info: Setting cmtl sub-encoding to TS1/0 on input line 286.
Package textcomp Info: Setting ccr sub-encoding to TS1/0 on input line 287.
Package textcomp Info: Setting ptm sub-encoding to TS1/4 on input line 288.
Package textcomp Info: Setting pcr sub-encoding to TS1/4 on input line 289.
Package textcomp Info: Setting phv sub-encoding to TS1/4 on input line 290.
Package textcomp Info: Setting ppl sub-encoding to TS1/3 on input line 291.
Package textcomp Info: Setting pag sub-encoding to TS1/4 on input line 292.
Package textcomp Info: Setting pbk sub-encoding to TS1/4 on input line 293.
Package textcomp Info: Setting pnc sub-encoding to TS1/4 on input line 294.
Package textcomp Info: Setting pzc sub-encoding to TS1/4 on input line 295.
Package textcomp Info: Setting bch sub-encoding to TS1/4 on input line 296.
Package textcomp Info: Setting put sub-encoding to TS1/5 on input line 297.
Package textcomp Info: Setting uag sub-encoding to TS1/5 on input line 298.
Package textcomp Info: Setting ugq sub-encoding to TS1/5 on input line 299.
Package textcomp Info: Setting ul8 sub-encoding to TS1/4 on input line 300.
Package textcomp Info: Setting ul9 sub-encoding to TS1/4 on input line 301.
Package textcomp Info: Setting augie sub-encoding to TS1/5 on input line 302.
Package textcomp Info: Setting dayrom sub-encoding to TS1/3 on input line 303.
Package textcomp Info: Setting dayroms sub-encoding to TS1/3 on input line 304.

Package textcomp Info: Setting pxr sub-encoding to TS1/0 on input line 305.
Package textcomp Info: Setting pxss sub-encoding to TS1/0 on input line 306.
Package textcomp Info: Setting pxtt sub-encoding to TS1/0 on input line 307.
Package textcomp Info: Setting txr sub-encoding to TS1/0 on input line 308.
Package textcomp Info: Setting txss sub-encoding to TS1/0 on input line 309.
Package textcomp Info: Setting txtt sub-encoding to TS1/0 on input line 310.
Package textcomp Info: Setting futs sub-encoding to TS1/4 on input line 311.
Package textcomp Info: Setting futx sub-encoding to TS1/4 on input line 312.
Package textcomp Info: Setting futj sub-encoding to TS1/4 on input line 313.
Package textcomp Info: Setting hlh sub-encoding to TS1/3 on input line 314.
Package textcomp Info: Setting hls sub-encoding to TS1/3 on input line 315.
Package textcomp Info: Setting hlst sub-encoding to TS1/3 on input line 316.
Package textcomp Info: Setting hlct sub-encoding to TS1/5 on input line 317.
Package textcomp Info: Setting hlx sub-encoding to TS1/5 on input line 318.
Package textcomp Info: Setting hlce sub-encoding to TS1/5 on input line 319.
Package textcomp Info: Setting hlcn sub-encoding to TS1/5 on input line 320.
Package textcomp Info: Setting hlcw sub-encoding to TS1/5 on input line 321.
Package textcomp Info: Setting hlcf sub-encoding to TS1/5 on input line 322.
Package textcomp Info: Setting pplx sub-encoding to TS1/3 on input line 323.
Package textcomp Info: Setting pplj sub-encoding to TS1/3 on input line 324.
Package textcomp Info: Setting ptmx sub-encoding to TS1/4 on input line 325.
Package textcomp Info: Setting ptmj sub-encoding to TS1/4 on input line 326.
))
("\\iastate.edu\cyfiles\ajkaplan\Documents\Projects\2012 Presidential Election\
Election-2012\FinalProject\Writeup\framed.sty"
Package: framed 2007/10/04 v 0.95: framed or shaded text with page breaks
\fb@frw=\dimen105
\fb@frh=\dimen106
\FrameRule=\dimen107
\FrameSep=\dimen108
)
("C:\Program Files (x86)\MiKTeX 2.8\tex\latex\base\alltt.sty"
Package: alltt 1997/06/16 v2.0g defines alltt environment
)
("C:\Program Files (x86)\MiKTeX 2.8\tex\latex\amsfonts\amssymb.sty"
Package: amssymb 2009/06/22 v3.00

("C:\Program Files (x86)\MiKTeX 2.8\tex\latex\amsfonts\amsfonts.sty"
Package: amsfonts 2009/06/22 v3.00 Basic AMSFonts support
\@emptytoks=\toks15
\symAMSa=\mathgroup4
\symAMSb=\mathgroup5
LaTeX Font Info:    Overwriting math alphabet `\mathfrak' in version `bold'
(Font)                  U/euf/m/n --> U/euf/b/n on input line 96.
))
("C:\Program Files (x86)\MiKTeX 2.8\tex\latex\ams\math\amsmath.sty"
Package: amsmath 2000/07/18 v2.13 AMS math features
\@mathmargin=\skip43

For additional information on amsmath, use the `?' option.
("C:\Program Files (x86)\MiKTeX 2.8\tex\latex\ams\math\amstext.sty"
Package: amstext 2000/06/29 v2.01

("C:\Program Files (x86)\MiKTeX 2.8\tex\latex\ams\math\amsgen.sty"
File: amsgen.sty 1999/11/30 v2.0
\@emptytoks=\toks16
\ex@=\dimen109
))
("C:\Program Files (x86)\MiKTeX 2.8\tex\latex\ams\math\amsbsy.sty"
Package: amsbsy 1999/11/29 v1.2d
\pmbraise@=\dimen110
)
("C:\Program Files (x86)\MiKTeX 2.8\tex\latex\ams\math\amsopn.sty"
Package: amsopn 1999/12/14 v2.01 operator names
)
\inf@bad=\count88
LaTeX Info: Redefining \frac on input line 211.
\uproot@=\count89
\leftroot@=\count90
LaTeX Info: Redefining \overline on input line 307.
\classnum@=\count91
\DOTSCASE@=\count92
LaTeX Info: Redefining \ldots on input line 379.
LaTeX Info: Redefining \dots on input line 382.
LaTeX Info: Redefining \cdots on input line 467.
\Mathstrutbox@=\box26
\strutbox@=\box27
\big@size=\dimen111
LaTeX Font Info:    Redeclaring font encoding OML on input line 567.
LaTeX Font Info:    Redeclaring font encoding OMS on input line 568.
\macc@depth=\count93
\c@MaxMatrixCols=\count94
\dotsspace@=\muskip10
\c@parentequation=\count95
\dspbrk@lvl=\count96
\tag@help=\toks17
\row@=\count97
\column@=\count98
\maxfields@=\count99
\andhelp@=\toks18
\eqnshift@=\dimen112
\alignsep@=\dimen113
\tagshift@=\dimen114
\tagwidth@=\dimen115
\totwidth@=\dimen116
\lineht@=\dimen117
\@envbody=\toks19
\multlinegap=\skip44
\multlinetaggap=\skip45
\mathdisplay@stack=\toks20
LaTeX Info: Redefining \[ on input line 2666.
LaTeX Info: Redefining \] on input line 2667.
)
("C:\Program Files (x86)\MiKTeX 2.8\tex\latex\ams\classes\amsthm.sty"
Package: amsthm 2004/08/06 v2.20
\thm@style=\toks21
\thm@bodyfont=\toks22
\thm@headfont=\toks23
\thm@notefont=\toks24
\thm@headpunct=\toks25
\thm@preskip=\skip46
\thm@postskip=\skip47
\thm@headsep=\skip48
\dth@everypar=\toks26
)
("C:\Program Files (x86)\MiKTeX 2.8\tex\latex\geometry\geometry.sty"
Package: geometry 2010/09/12 v5.6 Page Geometry

("C:\Program Files (x86)\MiKTeX 2.8\tex\generic\oberdiek\ifpdf.sty"
Package: ifpdf 2010/01/28 v2.1 Provides the ifpdf switch (HO)
Package ifpdf Info: pdfTeX in pdf mode detected.
)
("C:\Program Files (x86)\MiKTeX 2.8\tex\generic\oberdiek\ifvtex.sty"
Package: ifvtex 2010/03/01 v1.5 Switches for detecting VTeX and its modes (HO)
Package ifvtex Info: VTeX not detected.
)
("C:\Program Files (x86)\MiKTeX 2.8\tex\generic\ifxetex\ifxetex.sty"
Package: ifxetex 2010/09/12 v0.6 Provides ifxetex conditional
)
\Gm@cnth=\count100
\Gm@cntv=\count101
\c@Gm@tempcnt=\count102
\Gm@bindingoffset=\dimen118
\Gm@wd@mp=\dimen119
\Gm@odd@mp=\dimen120
\Gm@even@mp=\dimen121
\Gm@layoutwidth=\dimen122
\Gm@layoutheight=\dimen123
\Gm@layouthoffset=\dimen124
\Gm@layoutvoffset=\dimen125
\Gm@dimlist=\toks27

("C:\Program Files (x86)\MiKTeX 2.8\tex\latex\geometry\geometry.cfg"))
("C:\Program Files (x86)\MiKTeX 2.8\tex\latex\ctable\ctable.sty"
Package: ctable 2010/06/26 v1.16 ctable package

("C:\Program Files (x86)\MiKTeX 2.8\tex\latex\xkeyval\xkeyval.sty"
Package: xkeyval 2008/08/13 v2.6a package option processing (HA)

("C:\Program Files (x86)\MiKTeX 2.8\tex\generic\xkeyval\xkeyval.tex"
\XKV@toks=\toks28
\XKV@tempa@toks=\toks29
\XKV@depth=\count103
File: xkeyval.tex 2008/08/13 v2.6a key=value parser (HA)
))
("C:\Program Files (x86)\MiKTeX 2.8\tex\latex\tools\array.sty"
Package: array 2008/09/09 v2.4c Tabular extension package (FMi)
\col@sep=\dimen126
\extrarowheight=\dimen127
\NC@list=\toks30
\extratabsurround=\skip49
\backup@length=\skip50
)
("C:\Program Files (x86)\MiKTeX 2.8\tex\latex\tools\tabularx.sty"
Package: tabularx 1999/01/07 v2.07 `tabularx' package (DPC)
\TX@col@width=\dimen128
\TX@old@table=\dimen129
\TX@old@col=\dimen130
\TX@target=\dimen131
\TX@delta=\dimen132
\TX@cols=\count104
\TX@ftn=\toks31
)
("C:\Program Files (x86)\MiKTeX 2.8\tex\latex\booktabs\booktabs.sty"
Package: booktabs 2005/04/14 v1.61803 publication quality tables
\heavyrulewidth=\dimen133
\lightrulewidth=\dimen134
\cmidrulewidth=\dimen135
\belowrulesep=\dimen136
\belowbottomsep=\dimen137
\aboverulesep=\dimen138
\abovetopsep=\dimen139
\cmidrulesep=\dimen140
\cmidrulekern=\dimen141
\defaultaddspace=\dimen142
\@cmidla=\count105
\@cmidlb=\count106
\@aboverulesep=\dimen143
\@belowrulesep=\dimen144
\@thisruleclass=\count107
\@lastruleclass=\count108
\@thisrulewidth=\dimen145
)
("C:\Program Files (x86)\MiKTeX 2.8\tex\latex\rotating\rotating.sty"
Package: rotating 2009/03/28 v2.16a rotated objects in LaTeX

("C:\Program Files (x86)\MiKTeX 2.8\tex\latex\base\ifthen.sty"
Package: ifthen 2001/05/26 v1.1c Standard LaTeX ifthen package (DPC)
)
\c@r@tfl@t=\count109
\rotFPtop=\skip51
\rotFPbot=\skip52
\rot@float@box=\box28
\rot@mess@toks=\toks32
)
\@ctblframesep=\dimen146
\@ctblframerule=\dimen147
\@ctblwidth=\dimen148
\@ctblcaptionskip=\dimen149
\@ctblmaxwidth=\dimen150
\@ctblmincapwidth=\dimen151
\@ctblw=\dimen152
\@ctblfloatwidth=\dimen153
\@ctbloldsep=\dimen154
\@ctbloldrule=\dimen155
\ctbl@t=\box29
)
("C:\Program Files (x86)\MiKTeX 2.8\tex\latex\listings\listings.sty"
\lst@mode=\count110
\lst@gtempboxa=\box30
\lst@token=\toks33
\lst@length=\count111
\lst@currlwidth=\dimen156
\lst@column=\count112
\lst@pos=\count113
\lst@lostspace=\dimen157
\lst@width=\dimen158
\lst@newlines=\count114
\lst@lineno=\count115
\lst@maxwidth=\dimen159

("C:\Program Files (x86)\MiKTeX 2.8\tex\latex\listings\lstmisc.sty"
File: lstmisc.sty 2007/02/22 1.4 (Carsten Heinz)
\c@lstnumber=\count116
\lst@skipnumbers=\count117
\lst@framebox=\box31
)
("C:\Program Files (x86)\MiKTeX 2.8\tex\latex\listings\listings.cfg"
File: listings.cfg 2007/02/22 1.4 listings configuration
))
Package: listings 2007/02/22 1.4 (Carsten Heinz)

("C:\Program Files (x86)\MiKTeX 2.8\tex\latex\ltablex\ltablex.sty"
Package: ltablex 1995/11/06 v1.0 Modified tabularx

("C:\Program Files (x86)\MiKTeX 2.8\tex\latex\tools\longtable.sty"
Package: longtable 2004/02/01 v4.11 Multi-page Table package (DPC)
\LTleft=\skip53
\LTright=\skip54
\LTpre=\skip55
\LTpost=\skip56
\LTchunksize=\count118
\LTcapwidth=\dimen160
\LT@head=\box32
\LT@firsthead=\box33
\LT@foot=\box34
\LT@lastfoot=\box35
\LT@cols=\count119
\LT@rows=\count120
\c@LT@tables=\count121
\c@LT@chunks=\count122
\LT@p@ftn=\toks34
))
("C:\Program Files (x86)\MiKTeX 2.8\tex\latex\tools\calc.sty"
Package: calc 2007/08/22 v4.3 Infix arithmetic (KKT,FJ)
\calc@Acount=\count123
\calc@Bcount=\count124
\calc@Adimen=\dimen161
\calc@Bdimen=\dimen162
\calc@Askip=\skip57
\calc@Bskip=\skip58
LaTeX Info: Redefining \setlength on input line 76.
LaTeX Info: Redefining \addtolength on input line 77.
\calc@Ccount=\count125
\calc@Cskip=\skip59
)
("C:\Program Files (x86)\MiKTeX 2.8\tex\latex\tools\enumerate.sty"
Package: enumerate 1999/03/05 v3.00 enumerate extensions (DPC)
\@enLab=\toks35
)
("C:\Program Files (x86)\MiKTeX 2.8\tex\latex\multirow\multirow.sty"
\bigstrutjot=\dimen163
)
("C:\Program Files (x86)\MiKTeX 2.8\tex\latex\float\float.sty"
Package: float 2001/11/08 v1.3d Float enhancements (AL)
\c@float@type=\count126
\float@exts=\toks36
\float@box=\box36
\@float@everytoks=\toks37
\@floatcapt=\box37
)
("C:\Program Files (x86)\MiKTeX 2.8\tex\latex\soul\soul.sty"
Package: soul 2003/11/17 v2.4 letterspacing/underlining (mf)
\SOUL@word=\toks38
\SOUL@lasttoken=\toks39
\SOUL@cmds=\toks40
\SOUL@buffer=\toks41
\SOUL@token=\toks42
\SOUL@spaceskip=\skip60
\SOUL@ttwidth=\dimen164
\SOUL@uldp=\dimen165
\SOUL@ulht=\dimen166
)
("C:\Program Files (x86)\MiKTeX 2.8\tex\latex\hyperref\hyperref.sty"
Package: hyperref 2010/09/17 v6.81q Hypertext links for LaTeX

("C:\Program Files (x86)\MiKTeX 2.8\tex\generic\oberdiek\ltxcmds.sty"
Package: ltxcmds 2010/04/26 v1.7 LaTeX kernel commands for general use (HO)
)
("C:\Program Files (x86)\MiKTeX 2.8\tex\generic\oberdiek\infwarerr.sty"
Package: infwarerr 2010/04/08 v1.3 Providing info/warning/message (HO)
)
("C:\Program Files (x86)\MiKTeX 2.8\tex\generic\oberdiek\kvsetkeys.sty"
Package: kvsetkeys 2010/03/01 v1.9 Key value parser (HO)

("C:\Program Files (x86)\MiKTeX 2.8\tex\generic\oberdiek\etexcmds.sty"
Package: etexcmds 2010/01/28 v1.3 Prefix for e-TeX command names (HO)
Package etexcmds Info: Could not find \expanded.
(etexcmds)             That can mean that you are not using pdfTeX 1.50 or
(etexcmds)             that some package has redefined \expanded.
(etexcmds)             In the latter case, load this package earlier.
))
("C:\Program Files (x86)\MiKTeX 2.8\tex\generic\oberdiek\pdfescape.sty"
Package: pdfescape 2010/03/01 v1.9 Provides hex, PDF name and string conversion
s (HO)

("C:\Program Files (x86)\MiKTeX 2.8\tex\generic\oberdiek\pdftexcmds.sty"
Package: pdftexcmds 2010/04/01 v0.9 Utility functions of pdfTeX for LuaTeX (HO)


("C:\Program Files (x86)\MiKTeX 2.8\tex\generic\oberdiek\ifluatex.sty"
Package: ifluatex 2010/03/01 v1.3 Provides the ifluatex switch (HO)
Package ifluatex Info: LuaTeX not detected.
)
Package pdftexcmds Info: LuaTeX not detected.
Package pdftexcmds Info: \pdf@primitive is available.
Package pdftexcmds Info: \pdf@ifprimitive is available.
))
("C:\Program Files (x86)\MiKTeX 2.8\tex\latex\oberdiek\hycolor.sty"
Package: hycolor 2009/12/12 v1.6 Color options of hyperref/bookmark (HO)

("C:\Program Files (x86)\MiKTeX 2.8\tex\latex\oberdiek\xcolor-patch.sty"
Package: xcolor-patch 2009/12/12 xcolor patch
))
("C:\Program Files (x86)\MiKTeX 2.8\tex\latex\oberdiek\letltxmacro.sty"
Package: letltxmacro 2008/06/24 v1.3 Let assignment for LaTeX macros (HO)
)
("C:\Program Files (x86)\MiKTeX 2.8\tex\latex\oberdiek\kvoptions.sty"
Package: kvoptions 2010/02/22 v3.7 Keyval support for LaTeX options (HO)
)
\@linkdim=\dimen167
\Hy@linkcounter=\count127
\Hy@pagecounter=\count128

("C:\Program Files (x86)\MiKTeX 2.8\tex\latex\hyperref\pd1enc.def"
File: pd1enc.def 2010/09/17 v6.81q Hyperref: PDFDocEncoding definition (HO)
)
("C:\Program Files (x86)\MiKTeX 2.8\tex\generic\oberdiek\intcalc.sty"
Package: intcalc 2007/09/27 v1.1 Expandable integer calculations (HO)
)
\Hy@SavedSpaceFactor=\count129

("C:\Program Files (x86)\MiKTeX 2.8\tex\latex\00miktex\hyperref.cfg"
File: hyperref.cfg 2002/06/06 v1.2 hyperref configuration of TeXLive
)
Package hyperref Info: Hyper figures OFF on input line 3902.
Package hyperref Info: Link nesting OFF on input line 3907.
Package hyperref Info: Hyper index ON on input line 3910.
Package hyperref Info: Plain pages OFF on input line 3917.
Package hyperref Info: Backreferencing OFF on input line 3922.
Package hyperref Info: Implicit mode ON; LaTeX internals redefined.
Package hyperref Info: Bookmarks ON on input line 4132.
\c@Hy@tempcnt=\count130

("C:\Program Files (x86)\MiKTeX 2.8\tex\latex\ltxmisc\url.sty"
\Urlmuskip=\muskip11
Package: url 2006/04/12  ver 3.3  Verb mode for urls, etc.
)
LaTeX Info: Redefining \url on input line 4487.

("C:\Program Files (x86)\MiKTeX 2.8\tex\generic\oberdiek\bitset.sty"
Package: bitset 2007/09/28 v1.0 Data type bit set (HO)

("C:\Program Files (x86)\MiKTeX 2.8\tex\generic\oberdiek\bigintcalc.sty"
Package: bigintcalc 2007/11/11 v1.1 Expandable big integer calculations (HO)
))
\Fld@menulength=\count131
\Field@Width=\dimen168
\Fld@charsize=\dimen169
Package hyperref Info: Hyper figures OFF on input line 5526.
Package hyperref Info: Link nesting OFF on input line 5531.
Package hyperref Info: Hyper index ON on input line 5534.
Package hyperref Info: backreferencing OFF on input line 5541.
Package hyperref Info: Link coloring OFF on input line 5546.
Package hyperref Info: Link coloring with OCG OFF on input line 5551.
Package hyperref Info: PDF/A mode OFF on input line 5556.
LaTeX Info: Redefining \ref on input line 5596.
LaTeX Info: Redefining \pageref on input line 5600.

("C:\Program Files (x86)\MiKTeX 2.8\tex\generic\oberdiek\atbegshi.sty"
Package: atbegshi 2010/03/25 v1.12 At begin shipout hook (HO)
)
\Hy@abspage=\count132
\c@Item=\count133
)

Package hyperref Message: Driver (autodetected): hpdftex.

("C:\Program Files (x86)\MiKTeX 2.8\tex\latex\hyperref\hpdftex.def"
File: hpdftex.def 2010/09/17 v6.81q Hyperref driver for pdfTeX

("C:\Program Files (x86)\MiKTeX 2.8\tex\latex\oberdiek\atveryend.sty"
Package: atveryend 2010/03/24 v1.5 Hooks at very end of document (HO)
Package atveryend Info: \enddocument detected (standard).
)
\Fld@listcount=\count134
\c@bookmark@seq@number=\count135

("C:\Program Files (x86)\MiKTeX 2.8\tex\latex\oberdiek\rerunfilecheck.sty"
Package: rerunfilecheck 2010/03/16 v1.6 Rerun checks for auxiliary files (HO)

("C:\Program Files (x86)\MiKTeX 2.8\tex\generic\oberdiek\uniquecounter.sty"
Package: uniquecounter 2009/12/18 v1.1 Provides unlimited unique counter (HO)
)
Package uniquecounter Info: New unique counter `rerunfilecheck' on input line 2
71.
)
\Hy@SectionHShift=\skip61
)
("C:\Program Files (x86)\MiKTeX 2.8\tex\latex\oberdiek\pdflscape.sty"
Package: pdflscape 2008/08/11 v0.10 Landscape pages in PDF (HO)

("C:\Program Files (x86)\MiKTeX 2.8\tex\latex\graphics\lscape.sty"
Package: lscape 2000/10/22 v3.01 Landscape Pages (DPC)
)
Package pdflscape Info: Auto-detected driver: pdftex on input line 77.
)
("\\iastate.edu\cyfiles\ajkaplan\Documents\Projects\2012 Presidential Election\
Election-2012\FinalProject\Writeup\Hare-Kaplan-Election-Report.aux")
LaTeX Font Info:    Checking defaults for OML/cmm/m/it on input line 69.
LaTeX Font Info:    ... okay on input line 69.
LaTeX Font Info:    Checking defaults for T1/cmr/m/n on input line 69.
LaTeX Font Info:    ... okay on input line 69.
LaTeX Font Info:    Checking defaults for OT1/cmr/m/n on input line 69.
LaTeX Font Info:    ... okay on input line 69.
LaTeX Font Info:    Checking defaults for OMS/cmsy/m/n on input line 69.
LaTeX Font Info:    ... okay on input line 69.
LaTeX Font Info:    Checking defaults for OMX/cmex/m/n on input line 69.
LaTeX Font Info:    ... okay on input line 69.
LaTeX Font Info:    Checking defaults for U/cmr/m/n on input line 69.
LaTeX Font Info:    ... okay on input line 69.
LaTeX Font Info:    Checking defaults for TS1/cmr/m/n on input line 69.
LaTeX Font Info:    Try loading font information for TS1+cmr on input line 69.

("C:\Program Files (x86)\MiKTeX 2.8\tex\latex\base\ts1cmr.fd"
File: ts1cmr.fd 1999/05/25 v2.5h Standard LaTeX font definitions
)
LaTeX Font Info:    ... okay on input line 69.
LaTeX Font Info:    Checking defaults for PD1/pdf/m/n on input line 69.
LaTeX Font Info:    ... okay on input line 69.

("C:\Program Files (x86)\MiKTeX 2.8\tex\context\base\supp-pdf.tex"
[Loading MPS to PDF converter (version 2006.09.02).]
\scratchcounter=\count136
\scratchdimen=\dimen170
\scratchbox=\box38
\nofMPsegments=\count137
\nofMParguments=\count138
\everyMPshowfont=\toks43
\MPscratchCnt=\count139
\MPscratchDim=\dimen171
\MPnumerator=\count140
\everyMPtoPDFconversion=\toks44
)
*geometry* driver: auto-detecting
*geometry* detected driver: pdftex
*geometry* verbose mode - [ preamble ] result:
* driver: pdftex
* paper: <default>
* layout: <same size as paper>
* layoutoffset:(h,v)=(0.0pt,0.0pt)
* modes: 
* h-part:(L,W,R)=(90.3375pt, 433.62001pt, 90.3375pt)
* v-part:(T,H,B)=(90.3375pt, 614.295pt, 90.3375pt)
* \paperwidth=614.295pt
* \paperheight=794.96999pt
* \textwidth=433.62001pt
* \textheight=614.295pt
* \oddsidemargin=18.0675pt
* \evensidemargin=18.0675pt
* \topmargin=-18.9325pt
* \headheight=12.0pt
* \headsep=25.0pt
* \topskip=11.0pt
* \footskip=30.0pt
* \marginparwidth=59.0pt
* \marginparsep=10.0pt
* \columnsep=10.0pt
* \skip\footins=10.0pt plus 4.0pt minus 2.0pt
* \hoffset=0.0pt
* \voffset=0.0pt
* \mag=1000
* \@twocolumnfalse
* \@twosidefalse
* \@mparswitchfalse
* \@reversemarginfalse
* (1in=72.27pt=25.4mm, 1cm=28.453pt)

\c@lstlisting=\count141
\AtBeginShipoutBox=\box39
Package hyperref Info: Link coloring OFF on input line 69.
("C:\Program Files (x86)\MiKTeX 2.8\tex\latex\hyperref\nameref.sty"
Package: nameref 2010/04/30 v2.40 Cross-referencing by name of section

("C:\Program Files (x86)\MiKTeX 2.8\tex\latex\oberdiek\refcount.sty"
Package: refcount 2008/08/11 v3.1 Data extraction from references (HO)
)
("C:\Program Files (x86)\MiKTeX 2.8\tex\generic\oberdiek\gettitlestring.sty"
Package: gettitlestring 2009/12/18 v1.3 Cleanup title references (HO)
)
\c@section@level=\count142
)
LaTeX Info: Redefining \ref on input line 69.
LaTeX Info: Redefining \pageref on input line 69.
LaTeX Info: Redefining \nameref on input line 69.

("\\iastate.edu\cyfiles\ajkaplan\Documents\Projects\2012 Presidential Election\
Election-2012\FinalProject\Writeup\Hare-Kaplan-Election-Report.out")
("\\iastate.edu\cyfiles\ajkaplan\Documents\Projects\2012 Presidential Election\
Election-2012\FinalProject\Writeup\Hare-Kaplan-Election-Report.out")
\@outlinefile=\write3
LaTeX Font Info:    Try loading font information for U+msa on input line 75.

("C:\Program Files (x86)\MiKTeX 2.8\tex\latex\amsfonts\umsa.fd"
File: umsa.fd 2009/06/22 v3.00 AMS symbols A
)
LaTeX Font Info:    Try loading font information for U+msb on input line 75.

("C:\Program Files (x86)\MiKTeX 2.8\tex\latex\amsfonts\umsb.fd"
File: umsb.fd 2009/06/22 v3.00 AMS symbols B
) [1

{C:/Documents and Settings/All Users/Application Data/MiKTeX/2.8/pdftex/config/
pdftex.map}]
Underfull \hbox (badness 10000) in paragraph at lines 93--94
[]|\OT1/cmr/m/n/10.95 First char-ac-ter in-di-cates of-fice
 []


Underfull \hbox (badness 10000) in paragraph at lines 93--94
\OT1/cmr/m/n/10.95 sought - H=House, S=Senate,
 []


Underfull \hbox (badness 2126) in paragraph at lines 93--94
\OT1/cmr/m/n/10.95 in-for-ma-tion is pro-vided by fil-ers
 []


Overfull \hbox (16.54686pt too wide) in alignment at lines 90--112
 [] [] [] [] [] 
 []

! Missing $ inserted.
<inserted text> 
                $
l.112 prev\_file_
                 num & Previous filing number &	Number &	Reference to a fili...
I've inserted a begin-math/end-math symbol since I think
you left one out. Proceed, with fingers crossed.

! Missing $ inserted.
<inserted text> 
                $
l.112 prev\_file_num &
                       Previous filing number &	Number &	Reference to a fili...
I've inserted something that you may have forgotten.
(See the <inserted text> above.)
With luck, this will get me unwedged. But if you
really didn't forget anything, try typing `2' now; then
my insertion and my current dilemma will both disappear.


Overfull \hbox (16.54686pt too wide) in alignment at lines 112--113
 [] [] [] [] [] 
 []

[2

] [3]
Underfull \hbox (badness 1226) in paragraph at lines 122--123
[]|\OT1/cmr/m/n/10.95 Company that con-ducted
 []


Underfull \hbox (badness 10000) in paragraph at lines 125--125
[]|\OT1/cmr/m/n/10.95 Support for
 []


Underfull \hbox (badness 10000) in paragraph at lines 126--126
[]|\OT1/cmr/m/n/10.95 Support for
 []

Package color Info: Redefining color shadecolor on input line 141.
<figure/temporal_plot.pdf, id=51, 722.7pt x 361.35pt>
File: figure/temporal_plot.pdf Graphic file (type pdf)

<use figure/temporal_plot.pdf>
Package color Info: Redefining color shadecolor on input line 153.

<figure/type_plot1.pdf, id=52, 289.08pt x 289.08pt> [4

]
File: figure/type_plot1.pdf Graphic file (type pdf)

<use figure/type_plot1.pdf>
<figure/type_plot2.pdf, id=58, 289.08pt x 289.08pt>
File: figure/type_plot2.pdf Graphic file (type pdf)

<use figure/type_plot2.pdf>
Package color Info: Redefining color shadecolor on input line 157.
 <figure/PAC_plot.pdf, id=59, 722.7pt x 361.35pt>
File: figure/PAC_plot.pdf Graphic file (type pdf)

<use figure/PAC_plot.pdf>
Package color Info: Redefining color shadecolor on input line 170.
 <figure/type_swing_1.pdf, id=60, 722.7pt x 433.62pt>
File: figure/type_swing_1.pdf Graphic file (type pdf)

<use figure/type_swing_1.pdf>
Package color Info: Redefining color shadecolor on input line 181.

<figure/type_swing_2.pdf, id=61, 722.7pt x 289.08pt> [5 <//iastate.edu/cyfiles/
ajkaplan/Documents/Projects/2012 Presidential Election/Election-2012/FinalProje
ct/Writeup/figure/temporal_plot.pdf> <//iastate.edu/cyfiles/ajkaplan/Documents/
Projects/2012 Presidential Election/Election-2012/FinalProject/Writeup/figure/t
ype_plot1.pdf> <//iastate.edu/cyfiles/ajkaplan/Documents/Projects/2012 Presiden
tial Election/Election-2012/FinalProject/Writeup/figure/type_plot2.pdf> <//iast
ate.edu/cyfiles/ajkaplan/Documents/Projects/2012 Presidential Election/Election
-2012/FinalProject/Writeup/figure/PAC_plot.pdf>]
File: figure/type_swing_2.pdf Graphic file (type pdf)
 <use figure/type_swing_2.pdf>
Package color Info: Redefining color shadecolor on input line 193.

<figure/trend_plot.pdf, id=93, 722.7pt x 361.35pt>
File: figure/trend_plot.pdf Graphic file (type pdf)
 <use figure/trend_plot.pdf>
Package color Info: Redefining color shadecolor on input line 203.

[6 <//iastate.edu/cyfiles/ajkaplan/Documents/Projects/2012 Presidential Electio
n/Election-2012/FinalProject/Writeup/figure/type_swing_1.pdf> <//iastate.edu/cy
files/ajkaplan/Documents/Projects/2012 Presidential Election/Election-2012/Fina
lProject/Writeup/figure/type_swing_2.pdf>]
LaTeX Font Info:    Font shape `OT1/cmtt/bx/n' in size <10.95> not available
(Font)              Font shape `OT1/cmtt/m/n' tried instead on input line 206.
Package color Info: Redefining color shadecolor on input line 210.

<figure/support_spend1.pdf, id=117, 289.08pt x 289.08pt>
File: figure/support_spend1.pdf Graphic file (type pdf)

<use figure/support_spend1.pdf>
<figure/support_spend2.pdf, id=118, 289.08pt x 289.08pt>
File: figure/support_spend2.pdf Graphic file (type pdf)

<use figure/support_spend2.pdf>
Package atveryend Info: Empty hook `BeforeClearDocument' on input line 220.
 [7 <//iastate.edu/cyfiles/ajkaplan/Documents/Projects/2012 Presidential Electi
on/Election-2012/FinalProject/Writeup/figure/trend_plot.pdf> <//iastate.edu/cyf
iles/ajkaplan/Documents/Projects/2012 Presidential Election/Election-2012/Final
Project/Writeup/figure/support_spend1.pdf> <//iastate.edu/cyfiles/ajkaplan/Docu
ments/Projects/2012 Presidential Election/Election-2012/FinalProject/Writeup/fi
gure/support_spend2.pdf>]
Package atveryend Info: Empty hook `AfterLastShipout' on input line 220.

("\\iastate.edu\cyfiles\ajkaplan\Documents\Projects\2012 Presidential Election\
Election-2012\FinalProject\Writeup\Hare-Kaplan-Election-Report.aux")
Package atveryend Info: Executing hook `AtVeryEndDocument' on input line 220.
Package rerunfilecheck Info: File `Hare-Kaplan-Election-Report.out' has not cha
nged.
(rerunfilecheck)             Checksum: 7AC85E0C50825151B3587556B3440BCF;319.
 ) 
Here is how much of TeX's memory you used:
 8792 strings out of 495285
 129507 string characters out of 3179770
 226846 words of memory out of 3000000
 11781 multiletter control sequences out of 15000+200000
 11525 words of font info for 44 fonts, out of 3000000 for 9000
 14 hyphenation exceptions out of 8191
 33i,6n,37p,671b,494s stack positions out of 5000i,500n,10000p,200000b,50000s
<C:/Program Files (x86)/MiKTeX 2.8/fonts/type1/public/amsfonts/cm/cmbx12.pfb>
<C:/Program Files (x86)/MiKTeX 2.8/fonts/type1/public/amsfonts/cm/cmmi10.pfb><C
:/Program Files (x86)/MiKTeX 2.8/fonts/type1/public/amsfonts/cm/cmmi8.pfb><C:/P
rogram Files (x86)/MiKTeX 2.8/fonts/type1/public/amsfonts/cm/cmr10.pfb><C:/Prog
ram Files (x86)/MiKTeX 2.8/fonts/type1/public/amsfonts/cm/cmr12.pfb><C:/Program
 Files (x86)/MiKTeX 2.8/fonts/type1/public/amsfonts/cm/cmr17.pfb><C:/Program Fi
les (x86)/MiKTeX 2.8/fonts/type1/public/amsfonts/cm/cmtt10.pfb>
Output written on Hare-Kaplan-Election-Report.pdf (7 pages, 290914 bytes).
PDF statistics:
 182 PDF objects out of 1000 (max. 8388607)
 16 named destinations out of 1000 (max. 500000)
 94 words of extra memory for PDF output out of 10000 (max. 10000000)

